
ROM used: 1437 (18%)
          1437 (18%) including unused fragments

          2 Average locations per line
          10 Average locations per statement

RAM used: 19 (5%) at main() level
          44 (12%) worst case

Stack used: 6 worst case (out of 8 total available)

Lines Stmts  %   Files
----- ----- ---  -----
  127    77  52  encoder890.c
   16     0   0  encoder890.h
  327     0   0  C:\Program Files\PICC\devices\16F877A.h
  408    72  48  C:\Program Files\PICC\drivers\LCD.C
----- -----
  878   149 Total

Page ROM  %  RAM   Vol Diff  Functions:
---- --- --- ---   --- ----  ----------
0     21   1   1             @delay_ms1
0      8   1   0   587  6.0  @const82
 Inline        3   587  6.0  lcd_read_byte
0      6   0   0    59  4.2  lcd_read_nibble
0     12   1   1   172  3.4  lcd_send_nibble
0     64   4   3   447  4.6  lcd_send_byte
0     48   3   2   629  6.0  lcd_init
0     18   1   4   191  5.8  lcd_gotoxy
0     45   3   1   354  4.7  lcd_putc
0    105   7   1   716  4.3  muestra_datos
0      7   0   0   226  3.8  @const114
0     70   5   3   716  4.3  @PSTRINGC7_99
0      4   0   0             @const116
0      9   1   0  1677  7.8  @const117
0    322  22   1  1654  7.8  MAIN
0      9   1   0             @const120
0     31   2   2  1677  7.8  @ITOF
0      8   1   0             @const123
0     79   5   4             @PSTRINGCN7_99
 Inline       13             @MULFF
 Inline        5             @FTOSD
0     79   5  13             @DIV3232
0    341  24  13             @PRINTF_L32D_99FPFPF
0      6   0   0             @const137
0     21   1   3             @DIV88
0    103   7   6             @PRINTF_D_99
0      8   1   0             @const144
0      9   1   0             @const145

Program metrics:
    Functions               14
    Statements              149
    Comments                161
    Volume (V)              15179
    Difficilty (D)          72.7
    Effort to implement (E) 1103478
    Time to implement (T)   17 hours, 2 minutes
    Est Delivered Bugs (B)  4
    Cyclomatic Complexity   30
    Maintainability (MI)    53

 Segment     Used  Free
-----------  ----  ----
00000-00003     4  0  
00004-007FF  1433  611  
00800-00FFF     0  2048  
01000-017FF     0  2048  
01800-01FFF     0  2048  



