
ROM used: 124 (6%)
          124 (6%) including unused fragments

          0 Average locations per line
          9 Average locations per statement

RAM used: 13 (5%) at main() level
          13 (5%) worst case

Stack used: 1 worst case (out of 8 total available)

Lines Stmts  %   Files
----- ----- ---  -----
   49    14 100  encoder.c
  260     0   0  C:\Archivos de programa\PICC\devices\16F819.h
----- -----
  309    14 Total

Page ROM  %  RAM   Vol Diff  Functions:
---- --- --- ---   --- ----  ----------
0      7   6   0    21  0.9  ssp_interupt
0     68  55   0   285  2.8  MAIN

Program metrics:
    Functions               2
    Statements              14
    Comments                67
    Volume (V)              340
    Difficilty (D)          4.0
    Effort to implement (E) 1343
    Time to implement (T)   1 minutes
    Est Delivered Bugs (B)  0
    Cyclomatic Complexity   1
    Maintainability (MI)    135

 Segment     Used  Free
-----------  ----  ----
00000-00003     4  0  
00004-00030    45  0  
00031-007FF    75  1924  



