
ROM used: 490 (1%)
          490 (1%) including unused fragments

          1 Average locations per line
          18 Average locations per statement

RAM used: 26 (1%) at main() level
          28 (1%) worst case

Stack used: 3 worst case (out of 31 total available)

Lines Stmts  %   Files
----- ----- ---  -----
  101    27 100  seriales2.c
  458     0   0  ..\..\..\..\..\..\Program Files\PICC\devices\18F4550.h
----- -----
  559    27 Total

Page ROM  %  RAM   Vol Diff  Functions:
---- --- --- ---   --- ----  ----------
0     64   7   1             @PUTCHAR_2_
0     70   7   1             @GETCH_2_
0     22   2   0    65  1.6  EXT_isr
0    108  11   0   469  2.4  CPU
0     56   6   0    84  1.8  MAIN

Program metrics:
    Functions               3
    Statements              27
    Comments                119
    Volume (V)              771
    Difficilty (D)          6.0
    Effort to implement (E) 4663
    Time to implement (T)   4 minutes
    Est Delivered Bugs (B)  0
    Cyclomatic Complexity   1
    Maintainability (MI)    90

 Segment     Used  Free
-----------  ----  ----
00000-00002     4  0  
00004-00006     0  4  
00008-000AC   166  0  
000AE-07FFE   320  32274  



