*** Error 18 "avgmecanica.c" Line 1(9,20): File can not be opened
    Not in project "F:\AVG2011\18F4550.h"
*** Error 128 "avgmecanica.c" Line 2(9,15): A #DEVICE required before this line
*** "avgmecanica.c" Line 4: Error #111: Unknown keyword in #FUSES   "NOWDT"
*** "avgmecanica.c" Line 5: Error #111: Unknown keyword in #FUSES   "WDT128"
*** "avgmecanica.c" Line 6: Error #111: Unknown keyword in #FUSES   "HS"
*** "avgmecanica.c" Line 7: Error #111: Unknown keyword in #FUSES   "NOPROTECT"
*** "avgmecanica.c" Line 8: Error #111: Unknown keyword in #FUSES   "NOBROWNOUT"
*** "avgmecanica.c" Line 9: Error #111: Unknown keyword in #FUSES   "BORV20"
*** "avgmecanica.c" Line 10: Error #111: Unknown keyword in #FUSES   "PUT"
*** "avgmecanica.c" Line 11: Error #111: Unknown keyword in #FUSES   "NOCPD"
*** "avgmecanica.c" Line 12: Error #111: Unknown keyword in #FUSES   "STVREN"
*** "avgmecanica.c" Line 13: Error #111: Unknown keyword in #FUSES   "NODEBUG"
*** "avgmecanica.c" Line 14: Error #111: Unknown keyword in #FUSES   "NOLVP"
*** "avgmecanica.c" Line 15: Error #111: Unknown keyword in #FUSES   "NOWRT"
*** "avgmecanica.c" Line 16: Error #111: Unknown keyword in #FUSES   "NOWRTD"
*** "avgmecanica.c" Line 17: Error #111: Unknown keyword in #FUSES   "IESO"
*** "avgmecanica.c" Line 18: Error #111: Unknown keyword in #FUSES   "FCMEN"
*** "avgmecanica.c" Line 19: Error #111: Unknown keyword in #FUSES   "PBADEN"
*** "avgmecanica.c" Line 20: Error #111: Unknown keyword in #FUSES   "NOWRTC"
*** "avgmecanica.c" Line 21: Error #111: Unknown keyword in #FUSES   "NOWRTB"
*** "avgmecanica.c" Line 22: Error #111: Unknown keyword in #FUSES   "NOEBTR"
*** "avgmecanica.c" Line 23: Error #111: Unknown keyword in #FUSES   "NOEBTRB"
*** "avgmecanica.c" Line 24: Error #111: Unknown keyword in #FUSES   "NOCPB"
*** "avgmecanica.c" Line 25: Error #111: Unknown keyword in #FUSES   "MCLR"
*** "avgmecanica.c" Line 26: Error #111: Unknown keyword in #FUSES   "LPT1OSC"
*** "avgmecanica.c" Line 27: Error #111: Unknown keyword in #FUSES   "NOXINST"
*** "avgmecanica.c" Line 28: Error #111: Unknown keyword in #FUSES   "PLL12"
*** "avgmecanica.c" Line 29: Error #111: Unknown keyword in #FUSES   "CPUDIV4"
*** "avgmecanica.c" Line 30: Error #111: Unknown keyword in #FUSES   "USBDIV"
*** "avgmecanica.c" Line 31: Error #111: Unknown keyword in #FUSES   "VREGEN"
*** "avgmecanica.c" Line 32: Error #111: Unknown keyword in #FUSES   "ICPRT"
*** "avgmecanica.c" Line 34: Error #99: Option invalid   Invalid combination
*** "avgmecanica.c" Line 37: Error #128: A #DEVICE required before this line
      33 Errors,  0 Warnings.
