
ROM used: 81 (4%)
          81 (4%) including unused fragments

          0 Average locations per line
          9 Average locations per statement

RAM used: 6 (3%) at main() level
          8 (4%) worst case

Stack used: 1 worst case (out of 8 total available)

Lines Stmts  %   Files
----- ----- ---  -----
   44     9 100  controladorencoder.c
  223     0   0  C:\Program Files\PICC\devices\16F628A.h
----- -----
  267     9 Total

Page ROM  %  RAM   Vol Diff  Functions:
---- --- --- ---   --- ----  ----------
0     31  38   2             @I2C_READ_1
0     46  57   0   195  3.2  main

Program metrics:
    Functions               1
    Statements              9
    Comments                64
    Volume (V)              197
    Difficilty (D)          3.0
    Effort to implement (E) 591
    Time to implement (T)   1 minutes
    Est Delivered Bugs (B)  0
    Cyclomatic Complexity   1
    Maintainability (MI)    99

 Segment     Used  Free
-----------  ----  ----
00000-00003     4  0  
00004-007FF    77  1967  



