
ROM used: 186 (9%)
          186 (9%) including unused fragments

          1 Average locations per line
          7 Average locations per statement

RAM used: 17 (8%) at main() level
          19 (8%) worst case

Stack used: 3 worst case (out of 8 total available)

Lines Stmts  %   Files
----- ----- ---  -----
   66    26 100  encoder.c
  224     0   0  ..\..\..\..\..\..\Program Files\PICC\devices\16F628A.h
----- -----
  290    26 Total

Page ROM  %  RAM   Vol Diff  Functions:
---- --- --- ---   --- ----  ----------
0     21  11   1             @delay_ms1
0     26  14   0   163  2.9  res_isr
0      6   3   0    17  0.8  posicion
0     35  19   0   195  2.3  cpu
0     45  24   1   145  2.2  MAIN

Program metrics:
    Functions               4
    Statements              26
    Comments                63
    Volume (V)              729
    Difficilty (D)          8.4
    Effort to implement (E) 6096
    Time to implement (T)   6 minutes
    Est Delivered Bugs (B)  0
    Cyclomatic Complexity   1
    Maintainability (MI)    107

 Segment     Used  Free
-----------  ----  ----
00000-00003     4  0  
00004-00034    49  0  
00035-007FF   133  1862  



